2018-06-28 13:33:02 INFO  CommonBase:46 - Clicking Login
2018-06-28 13:33:05 INFO  CommonBase:48 - Enter Email and Password
2018-06-28 13:33:12 INFO  CommonBase:56 - Login is Successful
2018-06-28 13:33:21 INFO  CommonBase:84 - Loading FlatHead Page...
2018-06-28 13:33:25 INFO  CommonBase:86 - Product Added
2018-06-28 13:33:26 INFO  CommonBase:162 - Minicart Page
2018-06-28 13:33:33 INFO  CommonBase:172 - Displaying Cart Page
2018-06-28 13:33:33 INFO  CommonBase:102 - Product Quantity Updated
2018-06-28 13:33:44 INFO  CommonBase:116 - HomePage after clicking continue shopping....
2018-06-28 13:33:47 INFO  CommonBase:120 - Stock Page Loaded
2018-06-28 13:33:47 INFO  CommonBase:122 - Stock prod added
2018-06-28 13:34:12 INFO  CommonBase:66 - Already in Login
2018-06-28 13:34:17 INFO  CommonBase:162 - Minicart Page
2018-06-28 13:34:27 INFO  CommonBase:172 - Displaying Cart Page
2018-06-28 13:35:21 INFO  CommonBase:66 - Already in Login
2018-06-28 13:35:25 INFO  CommonBase:162 - Minicart Page
2018-06-28 13:35:31 INFO  CommonBase:172 - Displaying Cart Page
2018-06-28 13:36:14 INFO  CommonBase:68 - Need to Login
2018-06-28 13:36:14 INFO  CommonBase:46 - Clicking Login
2018-06-28 13:36:24 INFO  CommonBase:78 - org.openqa.selenium.NoSuchElementException: no such element: Unable to locate element: {"method":"link text","selector":"Log In"}
  (Session info: chrome=67.0.3396.99)
  (Driver info: chromedriver=2.38.552522 (437e6fbedfa8762dec75e2c5b3ddb86763dc9dcb),platform=Windows NT 10.0.17134 x86_64) (WARNING: The server did not provide any stacktrace information)
Command duration or timeout: 0 milliseconds
For documentation on this error, please visit: http://seleniumhq.org/exceptions/no_such_element.html
Build info: version: '3.12.0', revision: '7c6e0b3', time: '2018-05-08T15:15:03.216Z'
System info: host: 'DESKTOP-7J9QVL8', ip: '172.20.255.252', os.name: 'Windows 10', os.arch: 'amd64', os.version: '10.0', java.version: '1.8.0_171'
Driver info: org.openqa.selenium.chrome.ChromeDriver
Capabilities {acceptInsecureCerts: false, acceptSslCerts: false, applicationCacheEnabled: false, browserConnectionEnabled: false, browserName: chrome, chrome: {chromedriverVersion: 2.38.552522 (437e6fbedfa876..., userDataDir: C:\Users\vinod\AppData\Loca...}, cssSelectorsEnabled: true, databaseEnabled: false, handlesAlerts: true, hasTouchScreen: false, javascriptEnabled: true, locationContextEnabled: true, mobileEmulationEnabled: false, nativeEvents: true, networkConnectionEnabled: false, pageLoadStrategy: normal, platform: XP, platformName: XP, rotatable: false, setWindowRect: true, takesHeapSnapshot: true, takesScreenshot: true, unexpectedAlertBehaviour: accept, unhandledPromptBehavior: accept, version: 67.0.3396.99, webStorageEnabled: true}
Session ID: 760de2eed66f85e4a7b4ad65377c9ccb
*** Element info: {Using=link text, value=Log In}
2018-06-28 13:36:35 INFO  CommonBase:68 - Need to Login
2018-06-28 13:36:35 INFO  CommonBase:46 - Clicking Login
2018-06-28 13:36:45 INFO  CommonBase:78 - org.openqa.selenium.NoSuchElementException: no such element: Unable to locate element: {"method":"link text","selector":"Log In"}
  (Session info: chrome=67.0.3396.99)
  (Driver info: chromedriver=2.38.552522 (437e6fbedfa8762dec75e2c5b3ddb86763dc9dcb),platform=Windows NT 10.0.17134 x86_64) (WARNING: The server did not provide any stacktrace information)
Command duration or timeout: 0 milliseconds
For documentation on this error, please visit: http://seleniumhq.org/exceptions/no_such_element.html
Build info: version: '3.12.0', revision: '7c6e0b3', time: '2018-05-08T15:15:03.216Z'
System info: host: 'DESKTOP-7J9QVL8', ip: '172.20.255.252', os.name: 'Windows 10', os.arch: 'amd64', os.version: '10.0', java.version: '1.8.0_171'
Driver info: org.openqa.selenium.chrome.ChromeDriver
Capabilities {acceptInsecureCerts: false, acceptSslCerts: false, applicationCacheEnabled: false, browserConnectionEnabled: false, browserName: chrome, chrome: {chromedriverVersion: 2.38.552522 (437e6fbedfa876..., userDataDir: C:\Users\vinod\AppData\Loca...}, cssSelectorsEnabled: true, databaseEnabled: false, handlesAlerts: true, hasTouchScreen: false, javascriptEnabled: true, locationContextEnabled: true, mobileEmulationEnabled: false, nativeEvents: true, networkConnectionEnabled: false, pageLoadStrategy: normal, platform: XP, platformName: XP, rotatable: false, setWindowRect: true, takesHeapSnapshot: true, takesScreenshot: true, unexpectedAlertBehaviour: accept, unhandledPromptBehavior: accept, version: 67.0.3396.99, webStorageEnabled: true}
Session ID: 760de2eed66f85e4a7b4ad65377c9ccb
*** Element info: {Using=link text, value=Log In}
2018-06-28 14:08:42 INFO  CommonBase:46 - Clicking Login
2018-06-28 14:08:45 INFO  CommonBase:48 - Enter Email and Password
2018-06-28 14:08:50 INFO  CommonBase:56 - Login is Successful
2018-06-28 14:08:55 INFO  CommonBase:84 - Loading FlatHead Page...
2018-06-28 14:08:55 INFO  CommonBase:86 - Product Added
2018-06-28 14:08:57 INFO  CommonBase:162 - Minicart Page
2018-06-28 14:09:02 INFO  CommonBase:172 - Displaying Cart Page
2018-06-28 14:09:02 INFO  CommonBase:102 - Product Quantity Updated
2018-06-28 14:09:09 INFO  CommonBase:116 - HomePage after clicking continue shopping....
2018-06-28 14:09:12 INFO  CommonBase:120 - Stock Page Loaded
2018-06-28 14:09:12 INFO  CommonBase:122 - Stock prod added
2018-06-28 14:09:14 INFO  CommonBase:124 - Element is visible
2018-06-28 14:09:14 INFO  CommonBase:162 - Minicart Page
2018-06-28 14:09:18 INFO  CommonBase:172 - Displaying Cart Page
2018-06-28 14:09:23 INFO  CommonBase:148 - Edit Product Page Loaded..
2018-06-28 14:09:27 INFO  CommonBase:153 - Cart re updated..
2018-06-28 14:09:32 INFO  CommonBase:135 - Product Added To Wishlist
2018-06-28 14:09:35 INFO  CommonBase:138 - Cart is empty
2018-06-28 14:09:38 INFO  CommonBase:66 - Already in Login
2018-06-28 14:09:42 INFO  CommonBase:162 - Minicart Page
2018-06-28 14:09:48 INFO  CommonBase:172 - Displaying Cart Page
2018-06-28 14:10:37 INFO  CommonBase:66 - Already in Login
2018-06-28 14:10:41 INFO  CommonBase:162 - Minicart Page
2018-06-28 14:10:47 INFO  CommonBase:172 - Displaying Cart Page
2018-06-28 14:11:29 INFO  CommonBase:68 - Need to Login
2018-06-28 14:11:29 INFO  CommonBase:46 - Clicking Login
2018-06-28 14:11:51 INFO  CommonBase:78 - org.openqa.selenium.NoSuchElementException: no such element: Unable to locate element: {"method":"link text","selector":"Log In"}
  (Session info: chrome=67.0.3396.99)
  (Driver info: chromedriver=2.38.552522 (437e6fbedfa8762dec75e2c5b3ddb86763dc9dcb),platform=Windows NT 10.0.17134 x86_64) (WARNING: The server did not provide any stacktrace information)
Command duration or timeout: 0 milliseconds
For documentation on this error, please visit: http://seleniumhq.org/exceptions/no_such_element.html
Build info: version: '3.12.0', revision: '7c6e0b3', time: '2018-05-08T15:15:03.216Z'
System info: host: 'DESKTOP-7J9QVL8', ip: '172.20.255.252', os.name: 'Windows 10', os.arch: 'amd64', os.version: '10.0', java.version: '1.8.0_171'
Driver info: org.openqa.selenium.chrome.ChromeDriver
Capabilities {acceptInsecureCerts: false, acceptSslCerts: false, applicationCacheEnabled: false, browserConnectionEnabled: false, browserName: chrome, chrome: {chromedriverVersion: 2.38.552522 (437e6fbedfa876..., userDataDir: C:\Users\vinod\AppData\Loca...}, cssSelectorsEnabled: true, databaseEnabled: false, handlesAlerts: true, hasTouchScreen: false, javascriptEnabled: true, locationContextEnabled: true, mobileEmulationEnabled: false, nativeEvents: true, networkConnectionEnabled: false, pageLoadStrategy: normal, platform: XP, platformName: XP, rotatable: false, setWindowRect: true, takesHeapSnapshot: true, takesScreenshot: true, unexpectedAlertBehaviour: accept, unhandledPromptBehavior: accept, version: 67.0.3396.99, webStorageEnabled: true}
Session ID: 337ab1a21db3c1d590d73fcd7f253d68
*** Element info: {Using=link text, value=Log In}
2018-06-28 14:12:01 INFO  CommonBase:68 - Need to Login
2018-06-28 14:12:01 INFO  CommonBase:46 - Clicking Login
2018-06-28 14:12:11 INFO  CommonBase:78 - org.openqa.selenium.NoSuchElementException: no such element: Unable to locate element: {"method":"link text","selector":"Log In"}
  (Session info: chrome=67.0.3396.99)
  (Driver info: chromedriver=2.38.552522 (437e6fbedfa8762dec75e2c5b3ddb86763dc9dcb),platform=Windows NT 10.0.17134 x86_64) (WARNING: The server did not provide any stacktrace information)
Command duration or timeout: 0 milliseconds
For documentation on this error, please visit: http://seleniumhq.org/exceptions/no_such_element.html
Build info: version: '3.12.0', revision: '7c6e0b3', time: '2018-05-08T15:15:03.216Z'
System info: host: 'DESKTOP-7J9QVL8', ip: '172.20.255.252', os.name: 'Windows 10', os.arch: 'amd64', os.version: '10.0', java.version: '1.8.0_171'
Driver info: org.openqa.selenium.chrome.ChromeDriver
Capabilities {acceptInsecureCerts: false, acceptSslCerts: false, applicationCacheEnabled: false, browserConnectionEnabled: false, browserName: chrome, chrome: {chromedriverVersion: 2.38.552522 (437e6fbedfa876..., userDataDir: C:\Users\vinod\AppData\Loca...}, cssSelectorsEnabled: true, databaseEnabled: false, handlesAlerts: true, hasTouchScreen: false, javascriptEnabled: true, locationContextEnabled: true, mobileEmulationEnabled: false, nativeEvents: true, networkConnectionEnabled: false, pageLoadStrategy: normal, platform: XP, platformName: XP, rotatable: false, setWindowRect: true, takesHeapSnapshot: true, takesScreenshot: true, unexpectedAlertBehaviour: accept, unhandledPromptBehavior: accept, version: 67.0.3396.99, webStorageEnabled: true}
Session ID: 337ab1a21db3c1d590d73fcd7f253d68
*** Element info: {Using=link text, value=Log In}
2018-06-28 14:15:05 INFO  CommonBase:46 - Clicking Login
2018-06-28 14:15:07 INFO  CommonBase:48 - Enter Email and Password
2018-06-28 14:15:13 INFO  CommonBase:56 - Login is Successful
2018-06-28 14:15:18 INFO  CommonBase:84 - Loading FlatHead Page...
2018-06-28 14:15:18 INFO  CommonBase:86 - Product Added
2018-06-28 14:15:28 INFO  CommonBase:162 - Minicart Page
2018-06-28 14:15:33 INFO  CommonBase:172 - Displaying Cart Page
2018-06-28 14:15:33 INFO  CommonBase:102 - Product Quantity Updated
2018-06-28 14:16:06 INFO  CommonBase:116 - HomePage after clicking continue shopping....
2018-06-28 14:16:08 INFO  CommonBase:120 - Stock Page Loaded
2018-06-28 14:16:09 INFO  CommonBase:122 - Stock prod added
2018-06-28 14:16:21 INFO  CommonBase:124 - Element is visible
2018-06-28 14:16:21 INFO  CommonBase:162 - Minicart Page
2018-06-28 14:16:35 INFO  CommonBase:172 - Displaying Cart Page
2018-06-28 14:16:47 INFO  CommonBase:148 - Edit Product Page Loaded..
2018-06-28 14:17:00 INFO  CommonBase:153 - Cart re updated..
2018-06-28 14:17:24 INFO  CommonBase:135 - Product Added To Wishlist
2018-06-28 14:17:38 INFO  CommonBase:138 - Cart is empty
2018-06-28 14:17:41 INFO  CommonBase:66 - Already in Login
2018-06-28 14:17:49 INFO  CommonBase:162 - Minicart Page
2018-06-28 14:17:55 INFO  CommonBase:172 - Displaying Cart Page
2018-06-28 14:21:18 INFO  CommonBase:46 - Clicking Login
2018-06-28 14:21:20 INFO  CommonBase:48 - Enter Email and Password
2018-06-28 14:21:26 INFO  CommonBase:56 - Login is Successful
2018-06-28 14:21:35 INFO  CommonBase:84 - Loading FlatHead Page...
2018-06-28 14:21:35 INFO  CommonBase:86 - Product Added
2018-06-28 14:21:47 INFO  CommonBase:162 - Minicart Page
2018-06-28 14:21:52 INFO  CommonBase:172 - Displaying Cart Page
2018-06-28 14:21:52 INFO  CommonBase:102 - Product Quantity Updated
2018-06-28 14:22:25 INFO  CommonBase:116 - HomePage after clicking continue shopping....
2018-06-28 14:22:27 INFO  CommonBase:120 - Stock Page Loaded
2018-06-28 14:22:28 INFO  CommonBase:122 - Stock prod added
2018-06-28 14:22:37 INFO  CommonBase:124 - Element is visible
2018-06-28 14:22:37 INFO  CommonBase:162 - Minicart Page
2018-06-28 14:22:49 INFO  CommonBase:172 - Displaying Cart Page
2018-06-28 14:23:00 INFO  CommonBase:148 - Edit Product Page Loaded..
2018-06-28 14:23:15 INFO  CommonBase:153 - Cart re updated..
2018-06-28 14:23:33 INFO  CommonBase:135 - Product Added To Wishlist
2018-06-28 14:23:46 INFO  CommonBase:138 - Cart is empty
2018-06-28 14:23:50 INFO  CommonBase:66 - Already in Login
2018-06-28 14:23:57 INFO  CommonBase:162 - Minicart Page
2018-06-28 14:24:02 INFO  CommonBase:172 - Displaying Cart Page
2018-06-28 14:24:54 INFO  CommonBase:66 - Already in Login
2018-06-28 14:24:58 INFO  CommonBase:162 - Minicart Page
2018-06-28 14:25:04 INFO  CommonBase:172 - Displaying Cart Page
2018-06-28 14:26:32 INFO  CommonBase:66 - Already in Login
2018-06-28 14:26:47 INFO  CommonBase:74 - Link Sent Successfully
2018-06-28 14:26:47 INFO  CommonBase:66 - Already in Login
2018-06-28 14:26:54 INFO  CommonBase:1040 - Product Added to wishlist
2018-06-28 14:27:04 INFO  CommonBase:1040 - Product Added to wishlist
2018-06-28 14:27:16 INFO  CommonBase:1040 - Product Added to wishlist
2018-06-28 14:27:28 INFO  CommonBase:162 - Minicart Page
2018-06-28 14:27:36 INFO  CommonBase:172 - Displaying Cart Page
2018-06-28 14:31:19 INFO  CommonBase:46 - Clicking Login
2018-06-28 14:31:22 INFO  CommonBase:48 - Enter Email and Password
2018-06-28 14:31:28 INFO  CommonBase:56 - Login is Successful
2018-06-28 14:31:34 INFO  CommonBase:84 - Loading FlatHead Page...
2018-06-28 14:31:35 INFO  CommonBase:86 - Product Added
2018-06-28 14:31:36 INFO  CommonBase:162 - Minicart Page
2018-06-28 14:31:47 INFO  CommonBase:172 - Displaying Cart Page
2018-06-28 14:31:48 INFO  CommonBase:102 - Product Quantity Updated
2018-06-28 14:32:05 INFO  CommonBase:116 - HomePage after clicking continue shopping....
2018-06-28 14:32:12 INFO  CommonBase:120 - Stock Page Loaded
2018-06-28 14:32:12 INFO  CommonBase:122 - Stock prod added
2018-06-28 14:32:14 INFO  CommonBase:124 - Element is visible
2018-06-28 14:32:14 INFO  CommonBase:162 - Minicart Page
2018-06-28 14:32:19 INFO  CommonBase:172 - Displaying Cart Page
2018-06-28 14:32:25 INFO  CommonBase:148 - Edit Product Page Loaded..
2018-06-28 14:32:34 INFO  CommonBase:153 - Cart re updated..
2018-06-28 14:32:49 INFO  CommonBase:135 - Product Added To Wishlist
2018-06-28 14:32:53 INFO  CommonBase:138 - Cart is empty
2018-06-28 14:32:53 INFO  CommonBase:66 - Already in Login
2018-06-28 14:33:01 INFO  CommonBase:1040 - Product Added to wishlist
2018-06-28 14:33:10 INFO  CommonBase:1040 - Product Added to wishlist
2018-06-28 14:33:18 INFO  CommonBase:1040 - Product Added to wishlist
2018-06-28 14:33:30 INFO  CommonBase:162 - Minicart Page
2018-06-28 14:33:37 INFO  CommonBase:172 - Displaying Cart Page
2018-06-28 14:35:13 INFO  CommonBase:46 - Clicking Login
2018-06-28 14:35:15 INFO  CommonBase:48 - Enter Email and Password
2018-06-28 14:35:21 INFO  CommonBase:56 - Login is Successful
2018-06-28 14:35:26 INFO  CommonBase:84 - Loading FlatHead Page...
2018-06-28 14:35:26 INFO  CommonBase:86 - Product Added
2018-06-28 14:35:28 INFO  CommonBase:162 - Minicart Page
2018-06-28 14:35:39 INFO  CommonBase:172 - Displaying Cart Page
2018-06-28 14:35:39 INFO  CommonBase:102 - Product Quantity Updated
2018-06-28 14:35:54 INFO  CommonBase:116 - HomePage after clicking continue shopping....
2018-06-28 14:35:57 INFO  CommonBase:120 - Stock Page Loaded
2018-06-28 14:35:57 INFO  CommonBase:122 - Stock prod added
2018-06-28 14:35:59 INFO  CommonBase:124 - Element is visible
2018-06-28 14:35:59 INFO  CommonBase:162 - Minicart Page
2018-06-28 14:36:05 INFO  CommonBase:172 - Displaying Cart Page
2018-06-28 14:36:21 INFO  CommonBase:148 - Edit Product Page Loaded..
2018-06-28 14:36:24 INFO  CommonBase:153 - Cart re updated..
2018-06-28 14:36:32 INFO  CommonBase:135 - Product Added To Wishlist
2018-06-28 14:36:46 INFO  CommonBase:138 - Cart is empty
2018-06-28 14:36:49 INFO  CommonBase:66 - Already in Login
2018-06-28 14:36:54 INFO  CommonBase:162 - Minicart Page
2018-06-28 14:36:59 INFO  CommonBase:172 - Displaying Cart Page
2018-06-28 14:37:53 INFO  CommonBase:66 - Already in Login
2018-06-28 14:37:58 INFO  CommonBase:162 - Minicart Page
2018-06-28 14:38:03 INFO  CommonBase:172 - Displaying Cart Page
2018-06-28 14:39:39 INFO  CommonBase:66 - Already in Login
2018-06-28 14:39:54 INFO  CommonBase:74 - Link Sent Successfully
2018-06-28 14:39:54 INFO  CommonBase:66 - Already in Login
2018-06-28 14:40:01 INFO  CommonBase:1040 - Product Added to wishlist
2018-06-28 14:40:11 INFO  CommonBase:1040 - Product Added to wishlist
2018-06-28 14:40:22 INFO  CommonBase:1040 - Product Added to wishlist
2018-06-28 14:40:33 INFO  CommonBase:162 - Minicart Page
2018-06-28 14:40:42 INFO  CommonBase:172 - Displaying Cart Page
2018-06-28 14:44:44 INFO  CommonBase:46 - Clicking Login
2018-06-28 14:44:47 INFO  CommonBase:48 - Enter Email and Password
2018-06-28 14:44:52 INFO  CommonBase:56 - Login is Successful
2018-06-28 14:44:57 INFO  CommonBase:84 - Loading FlatHead Page...
2018-06-28 14:44:58 INFO  CommonBase:86 - Product Added
2018-06-28 14:44:59 INFO  CommonBase:162 - Minicart Page
2018-06-28 14:45:05 INFO  CommonBase:172 - Displaying Cart Page
2018-06-28 14:45:05 INFO  CommonBase:102 - Product Quantity Updated
2018-06-28 14:45:12 INFO  CommonBase:116 - HomePage after clicking continue shopping....
2018-06-28 14:45:15 INFO  CommonBase:120 - Stock Page Loaded
2018-06-28 14:45:15 INFO  CommonBase:122 - Stock prod added
2018-06-28 14:45:17 INFO  CommonBase:124 - Element is visible
2018-06-28 14:45:17 INFO  CommonBase:162 - Minicart Page
2018-06-28 14:45:27 INFO  CommonBase:172 - Displaying Cart Page
2018-06-28 14:45:37 INFO  CommonBase:148 - Edit Product Page Loaded..
2018-06-28 14:45:40 INFO  CommonBase:153 - Cart re updated..
2018-06-28 14:45:54 INFO  CommonBase:135 - Product Added To Wishlist
2018-06-28 14:45:58 INFO  CommonBase:138 - Cart is empty
2018-06-28 14:46:01 INFO  CommonBase:66 - Already in Login
2018-06-28 14:46:06 INFO  CommonBase:162 - Minicart Page
2018-06-28 14:46:11 INFO  CommonBase:172 - Displaying Cart Page
2018-06-28 14:47:09 INFO  CommonBase:66 - Already in Login
2018-06-28 14:47:13 INFO  CommonBase:162 - Minicart Page
2018-06-28 14:47:19 INFO  CommonBase:172 - Displaying Cart Page
2018-06-28 14:48:42 INFO  CommonBase:66 - Already in Login
2018-06-28 14:48:56 INFO  CommonBase:74 - Link Sent Successfully
2018-06-28 14:48:57 INFO  CommonBase:66 - Already in Login
2018-06-28 14:49:04 INFO  CommonBase:1040 - Product Added to wishlist
2018-06-28 14:49:14 INFO  CommonBase:1040 - Product Added to wishlist
2018-06-28 14:49:21 INFO  CommonBase:1040 - Product Added to wishlist
2018-06-28 14:49:34 INFO  CommonBase:162 - Minicart Page
2018-06-28 14:49:41 INFO  CommonBase:172 - Displaying Cart Page
2018-06-28 15:24:19 INFO  CommonBase:46 - Clicking Login
2018-06-28 15:24:23 INFO  CommonBase:48 - Enter Email and Password
2018-06-28 15:24:28 INFO  CommonBase:56 - Login is Successful
2018-06-28 15:24:36 INFO  CommonBase:84 - Loading FlatHead Page...
2018-06-28 15:24:36 INFO  CommonBase:86 - Product Added
2018-06-28 15:24:37 INFO  CommonBase:162 - Minicart Page
2018-06-28 15:24:42 INFO  CommonBase:172 - Displaying Cart Page
2018-06-28 15:24:43 INFO  CommonBase:102 - Product Quantity Updated
2018-06-28 15:24:50 INFO  CommonBase:116 - HomePage after clicking continue shopping....
2018-06-28 15:24:53 INFO  CommonBase:120 - Stock Page Loaded
2018-06-28 15:24:53 INFO  CommonBase:122 - Stock prod added
2018-06-28 15:24:55 INFO  CommonBase:124 - Element is visible
2018-06-28 15:24:55 INFO  CommonBase:162 - Minicart Page
2018-06-28 15:25:07 INFO  CommonBase:172 - Displaying Cart Page
2018-06-28 15:25:19 INFO  CommonBase:148 - Edit Product Page Loaded..
2018-06-28 15:25:22 INFO  CommonBase:153 - Cart re updated..
2018-06-28 15:25:27 INFO  CommonBase:135 - Product Added To Wishlist
2018-06-28 15:25:31 INFO  CommonBase:138 - Cart is empty
2018-06-28 15:25:34 INFO  CommonBase:66 - Already in Login
2018-06-28 15:27:02 INFO  CommonBase:66 - Already in Login
2018-06-28 15:28:26 INFO  CommonBase:66 - Already in Login
2018-06-28 15:28:30 INFO  CommonBase:78 - org.openqa.selenium.NoSuchWindowException: no such window: target window already closed
from unknown error: web view not found
  (Session info: chrome=67.0.3396.99)
  (Driver info: chromedriver=2.38.552522 (437e6fbedfa8762dec75e2c5b3ddb86763dc9dcb),platform=Windows NT 10.0.17134 x86_64) (WARNING: The server did not provide any stacktrace information)
Command duration or timeout: 0 milliseconds
Build info: version: '3.12.0', revision: '7c6e0b3', time: '2018-05-08T15:15:03.216Z'
System info: host: 'DESKTOP-7J9QVL8', ip: '172.20.255.252', os.name: 'Windows 10', os.arch: 'amd64', os.version: '10.0', java.version: '1.8.0_171'
Driver info: org.openqa.selenium.chrome.ChromeDriver
Capabilities {acceptInsecureCerts: false, acceptSslCerts: false, applicationCacheEnabled: false, browserConnectionEnabled: false, browserName: chrome, chrome: {chromedriverVersion: 2.38.552522 (437e6fbedfa876..., userDataDir: C:\Users\vinod\AppData\Loca...}, cssSelectorsEnabled: true, databaseEnabled: false, handlesAlerts: true, hasTouchScreen: false, javascriptEnabled: true, locationContextEnabled: true, mobileEmulationEnabled: false, nativeEvents: true, networkConnectionEnabled: false, pageLoadStrategy: normal, platform: XP, platformName: XP, rotatable: false, setWindowRect: true, takesHeapSnapshot: true, takesScreenshot: true, unexpectedAlertBehaviour: accept, unhandledPromptBehavior: accept, version: 67.0.3396.99, webStorageEnabled: true}
Session ID: 6706974f5a70807fa8211bb9141c4b05
2018-06-28 15:29:00 INFO  CommonBase:46 - Clicking Login
2018-06-28 15:29:02 INFO  CommonBase:48 - Enter Email and Password
2018-06-28 15:29:12 INFO  CommonBase:56 - Login is Successful
2018-06-28 15:29:19 INFO  CommonBase:84 - Loading FlatHead Page...
2018-06-28 15:29:19 INFO  CommonBase:86 - Product Added
2018-06-28 15:29:21 INFO  CommonBase:162 - Minicart Page
2018-06-28 15:29:34 INFO  CommonBase:172 - Displaying Cart Page
2018-06-28 15:29:34 INFO  CommonBase:102 - Product Quantity Updated
2018-06-28 15:29:47 INFO  CommonBase:116 - HomePage after clicking continue shopping....
2018-06-28 15:29:51 INFO  CommonBase:120 - Stock Page Loaded
2018-06-28 15:29:51 INFO  CommonBase:122 - Stock prod added
2018-06-28 15:29:53 INFO  CommonBase:124 - Element is visible
2018-06-28 15:29:53 INFO  CommonBase:162 - Minicart Page
2018-06-28 15:29:58 INFO  CommonBase:172 - Displaying Cart Page
2018-06-28 15:30:04 INFO  CommonBase:148 - Edit Product Page Loaded..
2018-06-28 15:30:19 INFO  CommonBase:153 - Cart re updated..
2018-06-28 15:30:38 INFO  CommonBase:135 - Product Added To Wishlist
2018-06-28 15:30:41 INFO  CommonBase:138 - Cart is empty
2018-06-28 15:30:46 INFO  CommonBase:66 - Already in Login
2018-06-28 15:32:30 INFO  CommonBase:46 - Clicking Login
2018-06-28 15:32:33 INFO  CommonBase:48 - Enter Email and Password
2018-06-28 15:32:38 INFO  CommonBase:56 - Login is Successful
2018-06-28 15:32:41 INFO  CommonBase:66 - Already in Login
2018-06-28 15:32:45 INFO  CommonBase:162 - Minicart Page
2018-06-28 15:32:57 INFO  CommonBase:172 - Displaying Cart Page
2018-06-28 15:48:36 INFO  CommonBase:46 - Clicking Login
2018-06-28 15:48:41 INFO  CommonBase:48 - Enter Email and Password
2018-06-28 15:48:46 INFO  CommonBase:56 - Login is Successful
2018-06-28 15:48:48 INFO  CommonBase:66 - Already in Login
2018-06-28 15:48:54 INFO  CommonBase:162 - Minicart Page
2018-06-28 15:49:04 INFO  CommonBase:172 - Displaying Cart Page
2018-06-28 15:49:49 INFO  CommonBase:66 - Already in Login
2018-06-28 15:50:23 INFO  CommonBase:46 - Clicking Login
2018-06-28 15:50:25 INFO  CommonBase:48 - Enter Email and Password
2018-06-28 15:50:29 INFO  CommonBase:56 - Login is Successful
2018-06-28 15:50:31 INFO  CommonBase:66 - Already in Login
2018-06-28 15:50:36 INFO  CommonBase:162 - Minicart Page
2018-06-28 15:50:41 INFO  CommonBase:172 - Displaying Cart Page
2018-06-28 15:53:23 INFO  CommonBase:46 - Clicking Login
2018-06-28 15:53:25 INFO  CommonBase:48 - Enter Email and Password
2018-06-28 15:53:30 INFO  CommonBase:56 - Login is Successful
2018-06-28 15:53:33 INFO  CommonBase:66 - Already in Login
2018-06-28 15:53:37 INFO  CommonBase:162 - Minicart Page
2018-06-28 15:53:43 INFO  CommonBase:172 - Displaying Cart Page
2018-06-28 15:55:24 INFO  CommonBase:46 - Clicking Login
2018-06-28 15:55:27 INFO  CommonBase:48 - Enter Email and Password
2018-06-28 15:55:31 INFO  CommonBase:56 - Login is Successful
2018-06-28 15:55:34 INFO  CommonBase:66 - Already in Login
2018-06-28 15:56:47 INFO  CommonBase:46 - Clicking Login
2018-06-28 15:56:52 INFO  CommonBase:48 - Enter Email and Password
2018-06-28 15:56:56 INFO  CommonBase:56 - Login is Successful
2018-06-28 15:56:59 INFO  CommonBase:66 - Already in Login
2018-06-28 16:14:21 INFO  CommonBase:46 - Clicking Login
2018-06-28 16:14:24 INFO  CommonBase:48 - Enter Email and Password
2018-06-28 16:14:31 INFO  CommonBase:56 - Login is Successful
2018-06-28 16:14:33 INFO  CommonBase:66 - Already in Login
2018-06-28 16:20:14 INFO  CommonBase:46 - Clicking Login
2018-06-28 16:20:16 INFO  CommonBase:48 - Enter Email and Password
2018-06-28 16:20:21 INFO  CommonBase:56 - Login is Successful
2018-06-28 16:20:24 INFO  CommonBase:66 - Already in Login
2018-06-28 16:23:02 INFO  CommonBase:46 - Clicking Login
2018-06-28 16:23:04 INFO  CommonBase:48 - Enter Email and Password
2018-06-28 16:23:09 INFO  CommonBase:56 - Login is Successful
2018-06-28 16:23:11 INFO  CommonBase:66 - Already in Login
2018-06-28 16:24:36 INFO  CommonBase:46 - Clicking Login
2018-06-28 16:24:37 INFO  CommonBase:48 - Enter Email and Password
2018-06-28 16:24:37 INFO  CommonBase:59 - java.lang.NullPointerExceptionNull
2018-06-28 16:25:03 INFO  CommonBase:46 - Clicking Login
2018-06-28 16:25:05 INFO  CommonBase:48 - Enter Email and Password
2018-06-28 16:25:11 INFO  CommonBase:56 - Login is Successful
2018-06-28 16:25:14 INFO  CommonBase:66 - Already in Login
2018-06-28 16:27:23 INFO  CommonBase:46 - Clicking Login
2018-06-28 16:27:28 INFO  CommonBase:48 - Enter Email and Password
2018-06-28 16:27:32 INFO  CommonBase:56 - Login is Successful
2018-06-28 16:27:34 INFO  CommonBase:66 - Already in Login
2018-06-28 16:43:58 INFO  CommonBase:46 - Clicking Login
2018-06-28 16:44:01 INFO  CommonBase:48 - Enter Email and Password
2018-06-28 16:44:06 INFO  CommonBase:56 - Login is Successful
2018-06-28 16:44:10 INFO  CommonBase:66 - Already in Login
2018-06-28 16:44:13 INFO  CommonBase:158 - Minicart Page
2018-06-28 16:44:23 INFO  CommonBase:168 - Displaying Cart Page
2018-06-28 16:45:29 INFO  CommonBase:46 - Clicking Login
2018-06-28 16:45:34 INFO  CommonBase:48 - Enter Email and Password
2018-06-28 16:45:39 INFO  CommonBase:56 - Login is Successful
2018-06-28 16:45:42 INFO  CommonBase:66 - Already in Login
2018-06-28 16:45:47 INFO  CommonBase:158 - Minicart Page
2018-06-28 16:45:57 INFO  CommonBase:168 - Displaying Cart Page
2018-06-28 16:46:30 INFO  CommonBase:46 - Clicking Login
2018-06-28 16:46:33 INFO  CommonBase:48 - Enter Email and Password
2018-06-28 16:46:38 INFO  CommonBase:56 - Login is Successful
2018-06-28 16:46:40 INFO  CommonBase:66 - Already in Login
2018-06-28 16:48:29 INFO  CommonBase:46 - Clicking Login
2018-06-28 16:48:32 INFO  CommonBase:48 - Enter Email and Password
2018-06-28 16:48:36 INFO  CommonBase:56 - Login is Successful
2018-06-28 16:48:39 INFO  CommonBase:66 - Already in Login
2018-06-28 16:48:42 INFO  CommonBase:158 - Minicart Page
2018-06-28 16:48:47 INFO  CommonBase:168 - Displaying Cart Page
2018-06-28 16:51:38 INFO  CommonBase:46 - Clicking Login
2018-06-28 16:51:40 INFO  CommonBase:48 - Enter Email and Password
2018-06-28 16:51:45 INFO  CommonBase:56 - Login is Successful
2018-06-28 16:51:48 INFO  CommonBase:66 - Already in Login
2018-06-28 16:51:52 INFO  CommonBase:158 - Minicart Page
2018-06-28 16:52:05 INFO  CommonBase:168 - Displaying Cart Page
2018-06-28 16:52:56 INFO  CommonBase:66 - Already in Login
2018-06-28 16:52:58 INFO  CommonBase:158 - Minicart Page
2018-06-28 16:53:06 INFO  CommonBase:168 - Displaying Cart Page
2018-06-28 16:55:38 INFO  CommonBase:46 - Clicking Login
2018-06-28 16:55:41 INFO  CommonBase:48 - Enter Email and Password
2018-06-28 16:55:45 INFO  CommonBase:56 - Login is Successful
2018-06-28 16:55:51 INFO  CommonBase:81 - Loading FlatHead Page...
2018-06-28 16:55:52 INFO  CommonBase:83 - Product Added
2018-06-28 16:55:52 INFO  CommonBase:158 - Minicart Page
2018-06-28 16:56:04 INFO  CommonBase:168 - Displaying Cart Page
2018-06-28 16:56:04 INFO  CommonBase:98 - Product Quantity Updated
2018-06-28 16:56:18 INFO  CommonBase:112 - HomePage after clicking continue shopping....
2018-06-28 16:56:24 INFO  CommonBase:116 - Stock Page Loaded
2018-06-28 16:56:25 INFO  CommonBase:118 - Stock prod added
2018-06-28 16:56:25 INFO  CommonBase:120 - Element is visible
2018-06-28 16:56:25 INFO  CommonBase:158 - Minicart Page
2018-06-28 16:56:31 INFO  CommonBase:168 - Displaying Cart Page
2018-06-28 16:56:47 INFO  CommonBase:144 - Edit Product Page Loaded..
2018-06-28 16:56:50 INFO  CommonBase:149 - Cart re updated..
2018-06-28 16:57:03 INFO  CommonBase:131 - Product Added To Wishlist
2018-06-28 16:57:07 INFO  CommonBase:134 - Cart is empty
2018-06-28 16:57:10 INFO  CommonBase:66 - Already in Login
2018-06-28 16:57:12 INFO  CommonBase:158 - Minicart Page
2018-06-28 16:57:19 INFO  CommonBase:168 - Displaying Cart Page
2018-06-28 16:58:09 INFO  CommonBase:66 - Already in Login
2018-06-28 16:58:11 INFO  CommonBase:158 - Minicart Page
2018-06-28 16:58:19 INFO  CommonBase:168 - Displaying Cart Page
2018-06-28 16:59:50 INFO  CommonBase:66 - Already in Login
2018-06-28 17:00:07 INFO  CommonBase:74 - Link Sent Successfully
2018-06-28 17:00:07 INFO  CommonBase:66 - Already in Login
2018-06-28 17:00:15 INFO  CommonBase:1040 - Product Added to wishlist
2018-06-28 17:00:24 INFO  CommonBase:1040 - Product Added to wishlist
2018-06-28 17:00:32 INFO  CommonBase:1040 - Product Added to wishlist
2018-06-28 17:00:43 INFO  CommonBase:158 - Minicart Page
2018-06-28 17:00:51 INFO  CommonBase:168 - Displaying Cart Page
2018-06-28 17:04:18 INFO  CommonBase:46 - Clicking Login
2018-06-28 17:04:20 INFO  CommonBase:48 - Enter Email and Password
2018-06-28 17:04:25 INFO  CommonBase:56 - Login is Successful
2018-06-28 17:04:31 INFO  CommonBase:81 - Loading FlatHead Page...
2018-06-28 17:04:31 INFO  CommonBase:83 - Product Added
2018-06-28 17:04:31 INFO  CommonBase:158 - Minicart Page
2018-06-28 17:04:43 INFO  CommonBase:168 - Displaying Cart Page
2018-06-28 17:04:44 INFO  CommonBase:98 - Product Quantity Updated
2018-06-28 17:04:56 INFO  CommonBase:112 - HomePage after clicking continue shopping....
2018-06-28 17:04:59 INFO  CommonBase:116 - Stock Page Loaded
2018-06-28 17:04:59 INFO  CommonBase:118 - Stock prod added
2018-06-28 17:04:59 INFO  CommonBase:120 - Element is visible
2018-06-28 17:04:59 INFO  CommonBase:158 - Minicart Page
2018-06-28 17:05:04 INFO  CommonBase:168 - Displaying Cart Page
2018-06-28 17:05:16 INFO  CommonBase:144 - Edit Product Page Loaded..
2018-06-28 17:05:19 INFO  CommonBase:149 - Cart re updated..
2018-06-28 17:05:30 INFO  CommonBase:131 - Product Added To Wishlist
2018-06-28 17:05:34 INFO  CommonBase:134 - Cart is empty
2018-06-28 17:05:37 INFO  CommonBase:66 - Already in Login
2018-06-28 17:05:40 INFO  CommonBase:158 - Minicart Page
2018-06-28 17:05:47 INFO  CommonBase:168 - Displaying Cart Page
2018-06-28 17:06:39 INFO  CommonBase:66 - Already in Login
2018-06-28 17:06:41 INFO  CommonBase:158 - Minicart Page
2018-06-28 17:06:49 INFO  CommonBase:168 - Displaying Cart Page
2018-06-28 17:08:20 INFO  CommonBase:66 - Already in Login
2018-06-28 17:08:35 INFO  CommonBase:74 - Link Sent Successfully
2018-06-28 17:08:35 INFO  CommonBase:66 - Already in Login
2018-06-28 17:08:42 INFO  CommonBase:1040 - Product Added to wishlist
2018-06-28 17:08:51 INFO  CommonBase:1040 - Product Added to wishlist
2018-06-28 17:08:57 INFO  CommonBase:1040 - Product Added to wishlist
2018-06-28 17:09:09 INFO  CommonBase:158 - Minicart Page
2018-06-28 17:09:17 INFO  CommonBase:168 - Displaying Cart Page
2018-06-28 17:35:14 INFO  CommonBase:46 - Clicking Login
2018-06-28 17:35:17 INFO  CommonBase:48 - Enter Email and Password
2018-06-28 17:35:22 INFO  CommonBase:56 - Login is Successful
2018-06-28 17:35:36 INFO  CommonBase:81 - Loading FlatHead Page...
2018-06-28 17:35:38 INFO  CommonBase:83 - Product Added
2018-06-28 17:35:38 INFO  CommonBase:158 - Minicart Page
2018-06-28 17:35:51 INFO  CommonBase:168 - Displaying Cart Page
2018-06-28 17:35:51 INFO  CommonBase:98 - Product Quantity Updated
2018-06-28 17:36:10 INFO  CommonBase:112 - HomePage after clicking continue shopping....
2018-06-28 17:36:14 INFO  CommonBase:116 - Stock Page Loaded
2018-06-28 17:36:14 INFO  CommonBase:118 - Stock prod added
2018-06-28 17:36:14 INFO  CommonBase:120 - Element is visible
2018-06-28 17:36:14 INFO  CommonBase:158 - Minicart Page
2018-06-28 17:36:21 INFO  CommonBase:168 - Displaying Cart Page
2018-06-28 17:36:26 INFO  CommonBase:144 - Edit Product Page Loaded..
2018-06-28 17:36:35 INFO  CommonBase:149 - Cart re updated..
2018-06-28 17:36:50 INFO  CommonBase:131 - Product Added To Wishlist
2018-06-28 17:36:55 INFO  CommonBase:134 - Cart is empty
2018-06-28 17:36:59 INFO  CommonBase:66 - Already in Login
2018-06-28 17:37:03 INFO  CommonBase:158 - Minicart Page
2018-06-28 17:37:10 INFO  CommonBase:168 - Displaying Cart Page
2018-06-28 17:38:01 INFO  CommonBase:66 - Already in Login
2018-06-28 17:38:04 INFO  CommonBase:158 - Minicart Page
2018-06-28 17:38:11 INFO  CommonBase:168 - Displaying Cart Page
2018-06-28 17:39:44 INFO  CommonBase:66 - Already in Login
2018-06-28 17:40:00 INFO  CommonBase:74 - Link Sent Successfully
2018-06-28 17:40:00 INFO  CommonBase:66 - Already in Login
2018-06-28 17:40:07 INFO  CommonBase:1039 - Product Added to wishlist
2018-06-28 17:40:17 INFO  CommonBase:1039 - Product Added to wishlist
2018-06-28 17:40:24 INFO  CommonBase:1039 - Product Added to wishlist
2018-06-28 17:40:35 INFO  CommonBase:158 - Minicart Page
2018-06-28 17:40:41 INFO  CommonBase:168 - Displaying Cart Page
2018-06-28 18:07:07 INFO  CommonBase:46 - Clicking Login
2018-06-28 18:07:15 INFO  CommonBase:48 - Enter Email and Password
2018-06-28 18:07:24 INFO  CommonBase:56 - Login is Successful
2018-06-28 18:07:43 INFO  CommonBase:81 - Loading FlatHead Page...
2018-06-28 18:07:44 INFO  CommonBase:83 - Product Added
2018-06-28 18:07:44 INFO  CommonBase:158 - Minicart Page
2018-06-28 18:07:59 INFO  CommonBase:168 - Displaying Cart Page
2018-06-28 18:07:59 INFO  CommonBase:98 - Product Quantity Updated
2018-06-28 18:08:10 INFO  CommonBase:112 - HomePage after clicking continue shopping....
2018-06-28 18:08:16 INFO  CommonBase:116 - Stock Page Loaded
2018-06-28 18:08:16 INFO  CommonBase:118 - Stock prod added
2018-06-28 18:08:16 INFO  CommonBase:120 - Element is visible
2018-06-28 18:08:16 INFO  CommonBase:158 - Minicart Page
2018-06-28 18:08:22 INFO  CommonBase:168 - Displaying Cart Page
2018-06-28 18:08:32 INFO  CommonBase:144 - Edit Product Page Loaded..
2018-06-28 18:08:36 INFO  CommonBase:149 - Cart re updated..
2018-06-28 18:08:51 INFO  CommonBase:131 - Product Added To Wishlist
2018-06-28 18:08:59 INFO  CommonBase:134 - Cart is empty
2018-06-28 18:09:03 INFO  CommonBase:66 - Already in Login
2018-06-28 18:09:07 INFO  CommonBase:158 - Minicart Page
2018-06-28 18:09:13 INFO  CommonBase:168 - Displaying Cart Page
2018-06-28 18:10:08 INFO  CommonBase:66 - Already in Login
2018-06-28 18:10:10 INFO  CommonBase:158 - Minicart Page
2018-06-28 18:10:17 INFO  CommonBase:168 - Displaying Cart Page
2018-06-28 18:11:52 INFO  CommonBase:66 - Already in Login
2018-06-28 18:12:08 INFO  CommonBase:74 - Link Sent Successfully
2018-06-28 18:12:08 INFO  CommonBase:66 - Already in Login
2018-06-28 18:12:16 INFO  CommonBase:1039 - Product Added to wishlist
2018-06-28 18:12:27 INFO  CommonBase:1039 - Product Added to wishlist
2018-06-28 18:12:34 INFO  CommonBase:1039 - Product Added to wishlist
2018-06-28 18:12:46 INFO  CommonBase:158 - Minicart Page
2018-06-28 18:12:54 INFO  CommonBase:168 - Displaying Cart Page
2018-07-04 10:00:07 INFO  CommonBase:43 - Clicking Login
2018-07-04 10:00:18 INFO  CommonBase:45 - Enter Email and Password
2018-07-04 10:00:40 INFO  CommonBase:53 - Login is Successful
2018-07-04 10:01:07 INFO  CommonBase:81 - Loading FlatHead Page...
2018-07-04 10:01:07 INFO  CommonBase:83 - Product Added
2018-07-04 10:01:07 INFO  CommonBase:158 - Minicart Page
2018-07-05 14:53:46 INFO  CommonBase:65 - Need to Login
2018-07-05 14:53:46 INFO  CommonBase:43 - Clicking Login
2018-07-05 14:53:50 INFO  CommonBase:45 - Enter Email and Password
2018-07-05 14:53:55 INFO  CommonBase:53 - Login is Successful
2018-07-05 14:54:04 INFO  CommonBase:1038 - Product Added to wishlist
2018-07-05 14:54:18 INFO  CommonBase:1038 - Product Added to wishlist
2018-07-05 14:54:25 INFO  CommonBase:1038 - Product Added to wishlist
2018-07-05 14:54:43 INFO  CommonBase:158 - Minicart Page
2018-07-05 14:55:01 INFO  CommonBase:168 - Displaying Cart Page
